[2019-05-02 08:21:12.5150] - INFO - Reading from /Users/lincolnmitchell/framer-bridge-starter-kit/design-system-v2.framerfx (origin); preserving existing contents of project folder: true
[2019-05-02 08:21:12.5200] - INFO - Done reading
[2019-05-02 08:21:12.5200] - INFO - Marking changed: false
[2019-05-02 08:21:12.8250] - INFO - Proxy Config: exceptions: *.local, 169.254/16
[2019-05-02 08:21:13.5000] - ERROR - No installed Framer version
[2019-05-02 08:21:13.5020] - ERROR - No installed Framer version
[2019-05-02 08:21:13.5430] - INFO - GET 200 /design/document.json 0 B (4ms)
[2019-05-02 08:21:15.1550] - ERROR - No installed Framer version
[2019-05-02 08:21:19.3860] - INFO - GET 200 /node_modules/framer/build/framer.debug.js 0 B (2ms)
[2019-05-02 08:21:20.8000] - ERROR -    26 modules
[2019-05-02 08:21:20.8000] - ERROR - ERROR in ../design-system/components/Button.tsx
[2019-05-02 08:21:20.8000] - ERROR - Module not found: Error: Can't resolve '@material/button/dist/mdc.button.css' in '/Users/lincolnmitchell/framer-bridge-starter-kit/design-system/components'
[2019-05-02 08:21:20.8000] - ERROR - ERROR in ../design-system/components/Chip.tsx
[2019-05-02 08:21:20.8010] - ERROR - Module not found: Error: Can't resolve '@material/chips/dist/mdc.chips.css' in '/Users/lincolnmitchell/framer-bridge-starter-kit/design-system/components'
[2019-05-02 08:21:20.8010] - ERROR - ERROR in ../design-system/components/Elevation.tsx
[2019-05-02 08:21:20.8010] - ERROR - Module not found: Error: Can't resolve '@material/elevation/dist/mdc.elevation.css' in '/Users/lincolnmitchell/framer-bridge-starter-kit/design-system/components'
[2019-05-02 08:21:20.8010] - ERROR - ERROR in ../design-system/components/Fab.tsx
[2019-05-02 08:21:20.8010] - ERROR - Module not found: Error: Can't resolve '@material/fab/dist/mdc.fab.css' in '/Users/lincolnmitchell/framer-bridge-starter-kit/design-system/components'
[2019-05-02 08:21:20.8010] - ERROR - ERROR in ../design-system/components/FramerXWrapper.tsx
[2019-05-02 08:21:20.8010] - ERROR - Module not found: Error: Can't resolve '@material/theme/dist/mdc.theme.css' in '/Users/lincolnmitchell/framer-bridge-starter-kit/design-system/components'
[2019-05-02 08:21:20.8010] - ERROR - ERROR in ../design-system/components/Button.tsx
[2019-05-02 08:21:20.8010] - ERROR - Module not found: Error: Can't resolve '@rmwc/Button' in '/Users/lincolnmitchell/framer-bridge-starter-kit/design-system/components'
[2019-05-02 08:21:20.8010] - ERROR - ERROR in ../design-system/components/Chip.tsx
[2019-05-02 08:21:20.8010] - ERROR - Module not found: Error: Can't resolve '@rmwc/Chip' in '/Users/lincolnmitchell/framer-bridge-starter-kit/design-system/components'
[2019-05-02 08:21:20.8010] - ERROR - ERROR in ../design-system/components/Elevation.tsx
[2019-05-02 08:21:20.8010] - ERROR - Module not found: Error: Can't resolve '@rmwc/Elevation' in '/Users/lincolnmitchell/framer-bridge-starter-kit/design-system/components'
[2019-05-02 08:21:20.8010] - ERROR - ERROR in ../design-system/components/Fab.tsx
[2019-05-02 08:21:20.8010] - ERROR - Module not found: Error: Can't resolve '@rmwc/Fab' in '/Users/lincolnmitchell/framer-bridge-starter-kit/design-system/components'
[2019-05-02 08:21:20.8010] - ERROR - ERROR in ../design-system/components/FramerXWrapper.tsx
[2019-05-02 08:21:20.8010] - ERROR - Module not found: Error: Can't resolve '@rmwc/theme' in '/Users/lincolnmitchell/framer-bridge-starter-kit/design-system/components'
[2019-05-02 08:21:20.8010] - ERROR - ERROR in ../design-system/components/FramerXWrapper.tsx
[2019-05-02 08:21:20.8010] - ERROR - Module not found: Error: Can't resolve 'react-helmet' in '/Users/lincolnmitchell/framer-bridge-starter-kit/design-system/components'
[2019-05-02 08:21:20.8010] - ERROR - ERROR in ../design-system/components/Tooltip.tsx
[2019-05-02 08:21:20.8010] - ERROR - Module not found: Error: Can't resolve 'styled-components' in '/Users/lincolnmitchell/framer-bridge-starter-kit/design-system/components'
[2019-05-02 08:21:20.8010] - ERROR - ERROR in ../design-system/components/Toggle.tsx
[2019-05-02 08:21:20.8010] - ERROR - Module not found: Error: Can't resolve 'styled-components' in '/Users/lincolnmitchell/framer-bridge-starter-kit/design-system/components'
[2019-05-02 08:21:20.8010] - ERROR - ERROR in ../design-system/components/Input.tsx
[2019-05-02 08:21:20.8010] - ERROR - Module not found: Error: Can't resolve 'styled-components' in '/Users/lincolnmitchell/framer-bridge-starter-kit/design-system/components'
[2019-05-02 08:21:20.9020] - INFO - GET 200 /node_modules/framer/build/framer.debug.js 0 B (5ms)
[2019-05-02 08:21:22.7470] - DEBUG - [Save session: 0] Started, operation: autosaveInPlaceOperation, implicitly cancellable
[2019-05-02 08:21:22.7470] - DEBUG - [Save session: 0] Before container.writeChanges
[2019-05-02 08:21:22.7470] - DEBUG - [Save session: 0] Before waitUsingRecursiveRunLoop
[2019-05-02 08:21:22.7610] - DEBUG - [Save session: 0] Completed container.writeChanges
[2019-05-02 08:21:22.7610] - DEBUG - [Save session: 0] Completed waitUsingRecursiveRunLoop
[2019-05-02 08:21:22.7970] - DEBUG - [Save session: 0] Completed super.save
[2019-05-02 08:21:48.6440] - ERROR -    26 modules
[2019-05-02 08:21:48.6440] - ERROR - ERROR in ../design-system/components/Button.tsx
[2019-05-02 08:21:48.6440] - ERROR - Module not found: Error: Can't resolve '@material/button/dist/mdc.button.css' in '/Users/lincolnmitchell/framer-bridge-starter-kit/design-system/components'
[2019-05-02 08:21:48.6440] - ERROR - ERROR in ../design-system/components/Chip.tsx
[2019-05-02 08:21:48.6440] - ERROR - Module not found: Error: Can't resolve '@material/chips/dist/mdc.chips.css' in '/Users/lincolnmitchell/framer-bridge-starter-kit/design-system/components'
[2019-05-02 08:21:48.6440] - ERROR - ERROR in ../design-system/components/Elevation.tsx
[2019-05-02 08:21:48.6440] - ERROR - Module not found: Error: Can't resolve '@material/elevation/dist/mdc.elevation.css' in '/Users/lincolnmitchell/framer-bridge-starter-kit/design-system/components'
[2019-05-02 08:21:48.6440] - ERROR - ERROR in ../design-system/components/Fab.tsx
[2019-05-02 08:21:48.6440] - ERROR - Module not found: Error: Can't resolve '@material/fab/dist/mdc.fab.css' in '/Users/lincolnmitchell/framer-bridge-starter-kit/design-system/components'
[2019-05-02 08:21:48.6440] - ERROR - ERROR in ../design-system/components/FramerXWrapper.tsx
[2019-05-02 08:21:48.6440] - ERROR - Module not found: Error: Can't resolve '@material/theme/dist/mdc.theme.css' in '/Users/lincolnmitchell/framer-bridge-starter-kit/design-system/components'
[2019-05-02 08:21:48.6440] - ERROR - ERROR in ../design-system/components/Button.tsx
[2019-05-02 08:21:48.6440] - ERROR - Module not found: Error: Can't resolve '@rmwc/Button' in '/Users/lincolnmitchell/framer-bridge-starter-kit/design-system/components'
[2019-05-02 08:21:48.6440] - ERROR - ERROR in ../design-system/components/Chip.tsx
[2019-05-02 08:21:48.6440] - ERROR - Module not found: Error: Can't resolve '@rmwc/Chip' in '/Users/lincolnmitchell/framer-bridge-starter-kit/design-system/components'
[2019-05-02 08:21:48.6440] - ERROR - ERROR in ../design-system/components/Elevation.tsx
[2019-05-02 08:21:48.6440] - ERROR - Module not found: Error: Can't resolve '@rmwc/Elevation' in '/Users/lincolnmitchell/framer-bridge-starter-kit/design-system/components'
[2019-05-02 08:21:48.6440] - ERROR - ERROR in ../design-system/components/Fab.tsx
[2019-05-02 08:21:48.6440] - ERROR - Module not found: Error: Can't resolve '@rmwc/Fab' in '/Users/lincolnmitchell/framer-bridge-starter-kit/design-system/components'
[2019-05-02 08:21:48.6440] - ERROR - ERROR in ../design-system/components/FramerXWrapper.tsx
[2019-05-02 08:21:48.6440] - ERROR - Module not found: Error: Can't resolve '@rmwc/theme' in '/Users/lincolnmitchell/framer-bridge-starter-kit/design-system/components'
[2019-05-02 08:21:48.6440] - ERROR - ERROR in ../design-system/components/FramerXWrapper.tsx
[2019-05-02 08:21:48.6440] - ERROR - Module not found: Error: Can't resolve 'react-helmet' in '/Users/lincolnmitchell/framer-bridge-starter-kit/design-system/components'
[2019-05-02 08:21:48.6440] - ERROR - ERROR in ../design-system/components/Toggle.tsx
[2019-05-02 08:21:48.6440] - ERROR - Module not found: Error: Can't resolve 'styled-components' in '/Users/lincolnmitchell/framer-bridge-starter-kit/design-system/components'
[2019-05-02 08:21:48.6440] - ERROR - ERROR in ../design-system/components/Input.tsx
[2019-05-02 08:21:48.6440] - ERROR - Module not found: Error: Can't resolve 'styled-components' in '/Users/lincolnmitchell/framer-bridge-starter-kit/design-system/components'
[2019-05-02 08:21:48.6440] - ERROR - ERROR in ../design-system/components/Tooltip.tsx
[2019-05-02 08:21:48.6440] - ERROR - Module not found: Error: Can't resolve 'styled-components' in '/Users/lincolnmitchell/framer-bridge-starter-kit/design-system/components'
[2019-05-02 08:21:48.9160] - ERROR -    26 modules
[2019-05-02 08:21:48.9160] - ERROR - ERROR in ../design-system/components/Button.tsx
[2019-05-02 08:21:48.9160] - ERROR - Module not found: Error: Can't resolve '@material/button/dist/mdc.button.css' in '/Users/lincolnmitchell/framer-bridge-starter-kit/design-system/components'
[2019-05-02 08:21:48.9160] - ERROR - ERROR in ../design-system/components/Chip.tsx
[2019-05-02 08:21:48.9160] - ERROR - Module not found: Error: Can't resolve '@material/chips/dist/mdc.chips.css' in '/Users/lincolnmitchell/framer-bridge-starter-kit/design-system/components'
[2019-05-02 08:21:48.9160] - ERROR - ERROR in ../design-system/components/Elevation.tsx
[2019-05-02 08:21:48.9160] - ERROR - Module not found: Error: Can't resolve '@material/elevation/dist/mdc.elevation.css' in '/Users/lincolnmitchell/framer-bridge-starter-kit/design-system/components'
[2019-05-02 08:21:48.9160] - ERROR - ERROR in ../design-system/components/Fab.tsx
[2019-05-02 08:21:48.9160] - ERROR - Module not found: Error: Can't resolve '@material/fab/dist/mdc.fab.css' in '/Users/lincolnmitchell/framer-bridge-starter-kit/design-system/components'
[2019-05-02 08:21:48.9160] - ERROR - ERROR in ../design-system/components/FramerXWrapper.tsx
[2019-05-02 08:21:48.9160] - ERROR - Module not found: Error: Can't resolve '@material/theme/dist/mdc.theme.css' in '/Users/lincolnmitchell/framer-bridge-starter-kit/design-system/components'
[2019-05-02 08:21:48.9160] - ERROR - ERROR in ../design-system/components/Button.tsx
[2019-05-02 08:21:48.9160] - ERROR - Module not found: Error: Can't resolve '@rmwc/Button' in '/Users/lincolnmitchell/framer-bridge-starter-kit/design-system/components'
[2019-05-02 08:21:48.9160] - ERROR - ERROR in ../design-system/components/Chip.tsx
[2019-05-02 08:21:48.9160] - ERROR - Module not found: Error: Can't resolve '@rmwc/Chip' in '/Users/lincolnmitchell/framer-bridge-starter-kit/design-system/components'
[2019-05-02 08:21:48.9160] - ERROR - ERROR in ../design-system/components/Elevation.tsx
[2019-05-02 08:21:48.9160] - ERROR - Module not found: Error: Can't resolve '@rmwc/Elevation' in '/Users/lincolnmitchell/framer-bridge-starter-kit/design-system/components'
[2019-05-02 08:21:48.9160] - ERROR - ERROR in ../design-system/components/Fab.tsx
[2019-05-02 08:21:48.9160] - ERROR - Module not found: Error: Can't resolve '@rmwc/Fab' in '/Users/lincolnmitchell/framer-bridge-starter-kit/design-system/components'
[2019-05-02 08:21:48.9160] - ERROR - ERROR in ../design-system/components/FramerXWrapper.tsx
[2019-05-02 08:21:48.9160] - ERROR - Module not found: Error: Can't resolve '@rmwc/theme' in '/Users/lincolnmitchell/framer-bridge-starter-kit/design-system/components'
[2019-05-02 08:21:48.9160] - ERROR - ERROR in ../design-system/components/FramerXWrapper.tsx
[2019-05-02 08:21:48.9160] - ERROR - Module not found: Error: Can't resolve 'react-helmet' in '/Users/lincolnmitchell/framer-bridge-starter-kit/design-system/components'
[2019-05-02 08:21:48.9160] - ERROR - ERROR in ../design-system/components/Input.tsx
[2019-05-02 08:21:48.9160] - ERROR - Module not found: Error: Can't resolve 'styled-components' in '/Users/lincolnmitchell/framer-bridge-starter-kit/design-system/components'
[2019-05-02 08:21:48.9160] - ERROR - ERROR in ../design-system/components/Toggle.tsx
[2019-05-02 08:21:48.9160] - ERROR - Module not found: Error: Can't resolve 'styled-components' in '/Users/lincolnmitchell/framer-bridge-starter-kit/design-system/components'
[2019-05-02 08:21:48.9170] - ERROR - ERROR in ../design-system/components/Tooltip.tsx
[2019-05-02 08:21:48.9170] - ERROR - Module not found: Error: Can't resolve 'styled-components' in '/Users/lincolnmitchell/framer-bridge-starter-kit/design-system/components'
[2019-05-02 08:22:13.0660] - INFO - Backing up to /Users/lincolnmitchell/framer-bridge-starter-kit/design-system-v2.framerfx/.backups/2019-05-02 08.22.13.zip
[2019-05-02 08:32:00.7640] - DEBUG - [Save session: 1] Started, operation: autosaveInPlaceOperation, implicitly cancellable
[2019-05-02 08:32:00.7640] - DEBUG - [Save session: 1] Before container.writeChanges
[2019-05-02 08:32:00.7640] - DEBUG - [Save session: 1] Before waitUsingRecursiveRunLoop
[2019-05-02 08:32:00.7760] - DEBUG - [Save session: 1] Completed container.writeChanges
[2019-05-02 08:32:00.7760] - DEBUG - [Save session: 1] Completed waitUsingRecursiveRunLoop
[2019-05-02 08:32:00.7800] - DEBUG - [Save session: 1] Completed super.save
[2019-05-02 08:32:34.0600] - INFO - Backing up to /Users/lincolnmitchell/framer-bridge-starter-kit/design-system-v2.framerfx/.backups/2019-05-02 08.32.34.zip
[2019-05-02 08:38:50.8950] - DEBUG - [Save session: 2] Started, operation: autosaveInPlaceOperation, implicitly cancellable
[2019-05-02 08:38:50.8950] - DEBUG - [Save session: 2] Before container.writeChanges
[2019-05-02 08:38:50.8950] - DEBUG - [Save session: 2] Before waitUsingRecursiveRunLoop
[2019-05-02 08:38:51.0460] - DEBUG - [Save session: 2] Completed waitUsingRecursiveRunLoop
[2019-05-02 08:38:51.0490] - DEBUG - [Save session: 2] Completed super.save
[2019-05-02 08:47:13.3190] - INFO - Backing up to /Users/lincolnmitchell/framer-bridge-starter-kit/design-system-v2.framerfx/.backups/2019-05-02 08.47.13.zip
[2019-05-02 08:49:15.0620] - INFO - Backing up to /Users/lincolnmitchell/framer-bridge-starter-kit/design-system-v2.framerfx/.backups/2019-05-02 08.49.15.zip
[2019-05-02 08:50:54.9950] - DEBUG - [Save session: 3] Started, operation: autosaveInPlaceOperation, implicitly cancellable
[2019-05-02 08:50:54.9950] - DEBUG - [Save session: 3] Before container.writeChanges
[2019-05-02 08:50:54.9950] - DEBUG - [Save session: 3] Before waitUsingRecursiveRunLoop
[2019-05-02 08:50:55.0000] - DEBUG - [Save session: 3] Completed container.writeChanges
[2019-05-02 08:50:55.0000] - DEBUG - [Save session: 3] Completed waitUsingRecursiveRunLoop
[2019-05-02 08:50:55.0040] - DEBUG - [Save session: 3] Completed super.save
[2019-05-02 08:51:03.4450] - DEBUG - [Save session: 4] Started, operation: autosaveInPlaceOperation, implicitly cancellable
[2019-05-02 08:51:03.4450] - DEBUG - [Save session: 4] Before container.writeChanges
[2019-05-02 08:51:03.4450] - DEBUG - [Save session: 4] Before waitUsingRecursiveRunLoop
[2019-05-02 08:51:03.4540] - DEBUG - [Save session: 4] Completed container.writeChanges
[2019-05-02 08:51:03.4540] - DEBUG - [Save session: 4] Completed waitUsingRecursiveRunLoop
[2019-05-02 08:51:03.4660] - DEBUG - [Save session: 4] Completed super.save
[2019-05-02 08:51:21.0420] - ERROR -    115 modules
[2019-05-02 08:51:21.0420] - ERROR - ERROR in IconButton.tsx
[2019-05-02 08:51:21.0420] - ERROR - ../design-system/components/IconButton.tsx
[2019-05-02 08:51:21.0420] - ERROR - [tsl] ERROR in IconButton.tsx(36,5)
[2019-05-02 08:51:21.0420] - ERROR -       TS1005: ')' expected.
[2019-05-02 08:51:21.0420] - ERROR - ERROR in IconButton.tsx
[2019-05-02 08:51:21.0420] - ERROR - ../design-system/components/IconButton.tsx
[2019-05-02 08:51:21.0420] - ERROR - [tsl] ERROR in IconButton.tsx(37,1)
[2019-05-02 08:51:21.0420] - ERROR -       TS1128: Declaration or statement expected.
[2019-05-02 08:51:25.3260] - INFO - Backing up to /Users/lincolnmitchell/framer-bridge-starter-kit/design-system-v2.framerfx/.backups/2019-05-02 08.51.25.zip
[2019-05-02 08:51:54.3530] - DEBUG - [Save session: 5] Started, operation: autosaveInPlaceOperation, implicitly cancellable
[2019-05-02 08:51:54.3530] - DEBUG - [Save session: 5] Before container.writeChanges
[2019-05-02 08:51:54.3530] - DEBUG - [Save session: 5] Before waitUsingRecursiveRunLoop
[2019-05-02 08:51:54.3620] - DEBUG - [Save session: 5] Completed container.writeChanges
[2019-05-02 08:51:54.3620] - DEBUG - [Save session: 5] Completed waitUsingRecursiveRunLoop
[2019-05-02 08:51:54.3720] - DEBUG - [Save session: 5] Completed super.save
[2019-05-02 08:53:09.7700] - DEBUG - [Save session: 6] Started, operation: autosaveInPlaceOperation, implicitly cancellable
[2019-05-02 08:53:09.7700] - DEBUG - [Save session: 6] Before container.writeChanges
[2019-05-02 08:53:09.7700] - DEBUG - [Save session: 6] Before waitUsingRecursiveRunLoop
[2019-05-02 08:53:09.7820] - DEBUG - [Save session: 6] Completed container.writeChanges
[2019-05-02 08:53:09.7820] - DEBUG - [Save session: 6] Completed waitUsingRecursiveRunLoop
[2019-05-02 08:53:09.7910] - DEBUG - [Save session: 6] Completed super.save
[2019-05-02 08:53:23.4110] - DEBUG - [Save session: 7] Started, operation: autosaveInPlaceOperation, implicitly cancellable
[2019-05-02 08:53:23.4110] - DEBUG - [Save session: 7] Before container.writeChanges
[2019-05-02 08:53:23.4110] - DEBUG - [Save session: 7] Before waitUsingRecursiveRunLoop
[2019-05-02 08:53:23.4220] - DEBUG - [Save session: 7] Completed container.writeChanges
[2019-05-02 08:53:23.4220] - DEBUG - [Save session: 7] Completed waitUsingRecursiveRunLoop
[2019-05-02 08:53:23.4320] - DEBUG - [Save session: 7] Completed super.save
[2019-05-02 08:53:26.0810] - INFO - Backing up to /Users/lincolnmitchell/framer-bridge-starter-kit/design-system-v2.framerfx/.backups/2019-05-02 08.53.26.zip
[2019-05-02 08:54:05.9410] - DEBUG - [Save session: 8] Started, operation: autosaveInPlaceOperation, implicitly cancellable
[2019-05-02 08:54:05.9410] - DEBUG - [Save session: 8] Before container.writeChanges
[2019-05-02 08:54:05.9410] - DEBUG - [Save session: 8] Before waitUsingRecursiveRunLoop
[2019-05-02 08:54:05.9570] - DEBUG - [Save session: 8] Completed container.writeChanges
[2019-05-02 08:54:05.9570] - DEBUG - [Save session: 8] Completed waitUsingRecursiveRunLoop
[2019-05-02 08:54:05.9690] - DEBUG - [Save session: 8] Completed super.save
[2019-05-02 08:54:26.6190] - INFO - Backing up to /Users/lincolnmitchell/framer-bridge-starter-kit/design-system-v2.framerfx/.backups/2019-05-02 08.54.26.zip
[2019-05-02 08:54:31.0720] - DEBUG - [Save session: 9] Started, operation: autosaveInPlaceOperation, implicitly cancellable
[2019-05-02 08:54:31.0720] - DEBUG - [Save session: 9] Before container.writeChanges
[2019-05-02 08:54:31.0720] - DEBUG - [Save session: 9] Before waitUsingRecursiveRunLoop
[2019-05-02 08:54:31.0820] - DEBUG - [Save session: 9] Completed container.writeChanges
[2019-05-02 08:54:31.0820] - DEBUG - [Save session: 9] Completed waitUsingRecursiveRunLoop
[2019-05-02 08:54:31.0860] - DEBUG - [Save session: 9] Completed super.save
[2019-05-02 08:55:26.7370] - INFO - Backing up to /Users/lincolnmitchell/framer-bridge-starter-kit/design-system-v2.framerfx/.backups/2019-05-02 08.55.26.zip
[2019-05-02 08:57:28.0750] - INFO - Backing up to /Users/lincolnmitchell/framer-bridge-starter-kit/design-system-v2.framerfx/.backups/2019-05-02 08.57.28.zip
[2019-05-02 08:57:40.1330] - INFO - GET 200 /README.md 0 B (1ms)
[2019-05-02 08:57:40.1340] - INFO - GET 200 /package.json 485 B (1ms)
[2019-05-02 08:58:27.4670] - DEBUG - [Save session: 10] Started, operation: autosaveInPlaceOperation, implicitly cancellable
[2019-05-02 08:58:27.4670] - DEBUG - [Save session: 10] Before container.writeChanges
[2019-05-02 08:58:27.4670] - DEBUG - [Save session: 10] Before waitUsingRecursiveRunLoop
[2019-05-02 08:58:27.4770] - DEBUG - [Save session: 10] Completed container.writeChanges
[2019-05-02 08:58:27.4770] - DEBUG - [Save session: 10] Completed waitUsingRecursiveRunLoop
[2019-05-02 08:58:27.4880] - DEBUG - [Save session: 10] Completed super.save
[2019-05-02 08:58:28.5910] - INFO - Backing up to /Users/lincolnmitchell/framer-bridge-starter-kit/design-system-v2.framerfx/.backups/2019-05-02 08.58.28.zip
[2019-05-02 08:59:04.2810] - DEBUG - [Save session: 11] Started, operation: autosaveInPlaceOperation, implicitly cancellable
[2019-05-02 08:59:04.2810] - DEBUG - [Save session: 11] Before container.writeChanges
[2019-05-02 08:59:04.2810] - DEBUG - [Save session: 11] Before waitUsingRecursiveRunLoop
[2019-05-02 08:59:04.2920] - DEBUG - [Save session: 11] Completed container.writeChanges
[2019-05-02 08:59:04.2920] - DEBUG - [Save session: 11] Completed waitUsingRecursiveRunLoop
[2019-05-02 08:59:04.2960] - DEBUG - [Save session: 11] Completed super.save
[2019-05-02 08:59:29.0310] - INFO - Backing up to /Users/lincolnmitchell/framer-bridge-starter-kit/design-system-v2.framerfx/.backups/2019-05-02 08.59.29.zip
[2019-05-02 08:59:45.3900] - INFO - GET 200 /node_modules/framer/build/framer.debug.js.map 0 B (1ms)
[2019-05-02 08:59:48.9060] - INFO - GET 200 /node_modules/framer/build/framer.debug.js 0 B (2ms)
[2019-05-02 08:59:49.0710] - INFO - GET 200 /node_modules/framer/build/framer.debug.js.map 0 B (11ms)
[2019-05-02 09:00:14.1990] - DEBUG - [Save session: 12] Started, operation: autosaveInPlaceOperation, implicitly cancellable
[2019-05-02 09:00:14.1990] - DEBUG - [Save session: 12] Before container.writeChanges
[2019-05-02 09:00:14.1990] - DEBUG - [Save session: 12] Before waitUsingRecursiveRunLoop
[2019-05-02 09:00:14.2100] - DEBUG - [Save session: 12] Completed container.writeChanges
[2019-05-02 09:00:14.2100] - DEBUG - [Save session: 12] Completed waitUsingRecursiveRunLoop
[2019-05-02 09:00:14.2150] - DEBUG - [Save session: 12] Completed super.save
[2019-05-02 09:02:16.7380] - INFO - GET 200 /README.md 0 B (1ms)
[2019-05-02 09:02:16.7390] - INFO - GET 200 /package.json 484 B (1ms)
[2019-05-02 09:04:16.2840] - INFO - GET 200 /README.md 0 B (1ms)
[2019-05-02 09:04:16.2850] - INFO - GET 200 /package.json 485 B (1ms)
[2019-05-02 09:13:50.2170] - ERROR -    119 modules
[2019-05-02 09:13:50.2180] - ERROR - ERROR in ../design-system/index.tsx
[2019-05-02 09:13:50.2180] - ERROR - Module not found: Error: Can't resolve './components/Typography' in '/Users/lincolnmitchell/framer-bridge-starter-kit/design-system'
[2019-05-02 09:15:05.4600] - INFO - Backing up to /Users/lincolnmitchell/framer-bridge-starter-kit/design-system-v2.framerfx/.backups/2019-05-02 09.15.05.zip
[2019-05-02 09:16:06.0570] - INFO - Backing up to /Users/lincolnmitchell/framer-bridge-starter-kit/design-system-v2.framerfx/.backups/2019-05-02 09.16.06.zip
[2019-05-02 09:16:47.5700] - DEBUG - [Save session: 13] Started, operation: autosaveInPlaceOperation
[2019-05-02 09:16:47.5700] - DEBUG - [Save session: 13] Before container.writeChanges
[2019-05-02 09:16:47.5700] - DEBUG - [Save session: 13] Before waitUsingRecursiveRunLoop
[2019-05-02 09:16:47.5780] - DEBUG - [Save session: 13] Completed container.writeChanges
[2019-05-02 09:16:47.5790] - DEBUG - [Save session: 13] Completed waitUsingRecursiveRunLoop
[2019-05-02 09:16:47.5820] - DEBUG - [Save session: 13] Completed super.save
[2019-05-02 09:16:58.1530] - DEBUG - [Save session: 14] Started, operation: autosaveInPlaceOperation, implicitly cancellable
[2019-05-02 09:16:58.1530] - DEBUG - [Save session: 14] Before container.writeChanges
[2019-05-02 09:16:58.1530] - DEBUG - [Save session: 14] Before waitUsingRecursiveRunLoop
[2019-05-02 09:16:58.1640] - DEBUG - [Save session: 14] Completed container.writeChanges
[2019-05-02 09:16:58.1640] - DEBUG - [Save session: 14] Completed waitUsingRecursiveRunLoop
[2019-05-02 09:16:58.1690] - DEBUG - [Save session: 14] Completed super.save
[2019-05-02 09:17:07.0210] - INFO - Backing up to /Users/lincolnmitchell/framer-bridge-starter-kit/design-system-v2.framerfx/.backups/2019-05-02 09.17.07.zip
[2019-05-02 09:18:54.0420] - DEBUG - [Save session: 15] Started, operation: autosaveInPlaceOperation, implicitly cancellable
[2019-05-02 09:18:54.0430] - DEBUG - [Save session: 15] Before container.writeChanges
[2019-05-02 09:18:54.0430] - DEBUG - [Save session: 15] Before waitUsingRecursiveRunLoop
[2019-05-02 09:18:54.0540] - DEBUG - [Save session: 15] Completed container.writeChanges
[2019-05-02 09:18:54.0540] - DEBUG - [Save session: 15] Completed waitUsingRecursiveRunLoop
[2019-05-02 09:18:54.0590] - DEBUG - [Save session: 15] Completed super.save
[2019-05-02 09:19:08.0610] - INFO - Backing up to /Users/lincolnmitchell/framer-bridge-starter-kit/design-system-v2.framerfx/.backups/2019-05-02 09.19.08.zip
[2019-05-02 09:19:13.8980] - DEBUG - [Save session: 16] Started, operation: autosaveInPlaceOperation, implicitly cancellable
[2019-05-02 09:19:13.8980] - DEBUG - [Save session: 16] Before container.writeChanges
[2019-05-02 09:19:13.8980] - DEBUG - [Save session: 16] Before waitUsingRecursiveRunLoop
[2019-05-02 09:19:13.9080] - DEBUG - [Save session: 16] Completed container.writeChanges
[2019-05-02 09:19:13.9080] - DEBUG - [Save session: 16] Completed waitUsingRecursiveRunLoop
[2019-05-02 09:19:13.9120] - DEBUG - [Save session: 16] Completed super.save
[2019-05-02 09:20:10.5210] - INFO - Backing up to /Users/lincolnmitchell/framer-bridge-starter-kit/design-system-v2.framerfx/.backups/2019-05-02 09.20.10.zip
[2019-05-02 09:20:30.3050] - INFO - GET 200 /README.md 0 B (2ms)
[2019-05-02 09:20:30.3060] - INFO - GET 200 /package.json 484 B (3ms)
[2019-05-02 09:20:30.4360] - ERROR -    124 modules
[2019-05-02 09:20:30.4360] - ERROR - ERROR in Typography.tsx
[2019-05-02 09:20:30.4360] - ERROR - ./code/Typography.tsx
[2019-05-02 09:20:30.4360] - ERROR - [tsl] ERROR in Typography.tsx(19,5)
[2019-05-02 09:20:30.4360] - ERROR -       TS1005: ',' expected.
[2019-05-02 09:20:30.4360] - ERROR - ERROR in Typography.tsx
[2019-05-02 09:20:30.4360] - ERROR - ./code/Typography.tsx
[2019-05-02 09:20:30.4360] - ERROR - [tsl] ERROR in Typography.tsx(24,5)
[2019-05-02 09:20:30.4360] - ERROR -       TS1005: ',' expected.
[2019-05-02 09:21:23.6330] - INFO - GET 200 /README.md 0 B (1ms)
[2019-05-02 09:21:23.6340] - INFO - GET 200 /package.json 485 B (1ms)
[2019-05-02 09:21:23.7680] - ERROR -    124 modules
[2019-05-02 09:21:23.7680] - ERROR - ERROR in Typography.tsx
[2019-05-02 09:21:23.7680] - ERROR - ./code/Typography.tsx
[2019-05-02 09:21:23.7680] - ERROR - [tsl] ERROR in Typography.tsx(19,5)
[2019-05-02 09:21:23.7680] - ERROR -       TS1005: ',' expected.
[2019-05-02 09:21:23.7680] - ERROR - ERROR in Typography.tsx
[2019-05-02 09:21:23.7680] - ERROR - ./code/Typography.tsx
[2019-05-02 09:21:23.7680] - ERROR - [tsl] ERROR in Typography.tsx(24,5)
[2019-05-02 09:21:23.7680] - ERROR -       TS1005: ',' expected.
[2019-05-02 09:24:23.3390] - INFO - Backing up to /Users/lincolnmitchell/framer-bridge-starter-kit/design-system-v2.framerfx/.backups/2019-05-02 09.24.23.zip
[2019-05-02 09:25:37.1500] - DEBUG - [Save session: 17] Started, operation: autosaveInPlaceOperation
[2019-05-02 09:25:37.1500] - DEBUG - [Save session: 17] Before container.writeChanges
[2019-05-02 09:25:37.1500] - DEBUG - [Save session: 17] Before waitUsingRecursiveRunLoop
[2019-05-02 09:25:37.1600] - DEBUG - [Save session: 17] Completed container.writeChanges
[2019-05-02 09:25:37.1600] - DEBUG - [Save session: 17] Completed waitUsingRecursiveRunLoop
[2019-05-02 09:25:37.1640] - DEBUG - [Save session: 17] Completed super.save
[2019-05-02 09:26:01.7950] - DEBUG - [Save session: 18] Started, operation: autosaveInPlaceOperation, implicitly cancellable
[2019-05-02 09:26:01.7950] - DEBUG - [Save session: 18] Before container.writeChanges
[2019-05-02 09:26:01.7950] - DEBUG - [Save session: 18] Before waitUsingRecursiveRunLoop
[2019-05-02 09:26:01.8050] - DEBUG - [Save session: 18] Completed container.writeChanges
[2019-05-02 09:26:01.8050] - DEBUG - [Save session: 18] Completed waitUsingRecursiveRunLoop
[2019-05-02 09:26:01.8100] - DEBUG - [Save session: 18] Completed super.save
[2019-05-02 09:26:24.0610] - INFO - Backing up to /Users/lincolnmitchell/framer-bridge-starter-kit/design-system-v2.framerfx/.backups/2019-05-02 09.26.24.zip
[2019-05-02 09:27:03.9560] - INFO - GET 200 /README.md 0 B (1ms)
[2019-05-02 09:27:03.9570] - INFO - GET 200 /package.json 484 B (1ms)
[2019-05-02 09:27:09.2980] - INFO - GET 200 /README.md 0 B (1ms)
[2019-05-02 09:27:09.2980] - INFO - GET 200 /package.json 485 B (1ms)
[2019-05-02 09:29:26.1120] - INFO - Backing up to /Users/lincolnmitchell/framer-bridge-starter-kit/design-system-v2.framerfx/.backups/2019-05-02 09.29.26.zip
[2019-05-02 09:46:42.0670] - INFO - Backing up to /Users/lincolnmitchell/framer-bridge-starter-kit/design-system-v2.framerfx/.backups/2019-05-02 09.46.42.zip
[2019-05-02 09:56:50.3440] - INFO - Backing up to /Users/lincolnmitchell/framer-bridge-starter-kit/design-system-v2.framerfx/.backups/2019-05-02 09.56.50.zip
[2019-05-02 09:58:55.4250] - DEBUG - [Save session: 19] Started, operation: autosaveInPlaceOperation
[2019-05-02 09:58:55.4250] - DEBUG - [Save session: 19] Before container.writeChanges
[2019-05-02 09:58:55.4250] - DEBUG - [Save session: 19] Before waitUsingRecursiveRunLoop
[2019-05-02 09:58:55.4310] - DEBUG - [Save session: 19] Completed container.writeChanges
[2019-05-02 09:58:55.4310] - DEBUG - [Save session: 19] Completed waitUsingRecursiveRunLoop
[2019-05-02 09:58:55.4340] - DEBUG - [Save session: 19] Completed super.save
[2019-05-02 09:59:15.7370] - DEBUG - [Save session: 20] Started, operation: autosaveInPlaceOperation, implicitly cancellable
[2019-05-02 09:59:15.7370] - DEBUG - [Save session: 20] Before container.writeChanges
[2019-05-02 09:59:15.7370] - DEBUG - [Save session: 20] Before waitUsingRecursiveRunLoop
[2019-05-02 09:59:15.7460] - DEBUG - [Save session: 20] Completed container.writeChanges
[2019-05-02 09:59:15.7460] - DEBUG - [Save session: 20] Completed waitUsingRecursiveRunLoop
[2019-05-02 09:59:15.7620] - DEBUG - [Save session: 20] Completed super.save
[2019-05-02 10:08:21.2980] - DEBUG - [Save session: 21] Started, operation: autosaveInPlaceOperation
[2019-05-02 10:08:21.2980] - DEBUG - [Save session: 21] Before container.writeChanges
[2019-05-02 10:08:21.2980] - DEBUG - [Save session: 21] Before waitUsingRecursiveRunLoop
[2019-05-02 10:08:21.3040] - DEBUG - [Save session: 21] Completed container.writeChanges
[2019-05-02 10:08:21.3040] - DEBUG - [Save session: 21] Completed waitUsingRecursiveRunLoop
[2019-05-02 10:08:21.3070] - DEBUG - [Save session: 21] Completed super.save
[2019-05-02 10:08:56.0860] - DEBUG - [Save session: 22] Started, operation: autosaveInPlaceOperation, implicitly cancellable
[2019-05-02 10:08:56.0860] - DEBUG - [Save session: 22] Before container.writeChanges
[2019-05-02 10:08:56.0860] - DEBUG - [Save session: 22] Before waitUsingRecursiveRunLoop
[2019-05-02 10:08:56.0960] - DEBUG - [Save session: 22] Completed container.writeChanges
[2019-05-02 10:08:56.0960] - DEBUG - [Save session: 22] Completed waitUsingRecursiveRunLoop
[2019-05-02 10:08:56.1090] - DEBUG - [Save session: 22] Completed super.save
[2019-05-02 10:09:53.8080] - INFO - Reading from /Users/lincolnmitchell/framer-bridge-starter-kit/design-system-v2.framerfx (origin); preserving existing contents of project folder: true
[2019-05-02 10:09:53.8390] - INFO - Done reading
[2019-05-02 10:09:53.8390] - INFO - Marking changed: false
[2019-05-02 10:09:54.1300] - INFO - Proxy Config: exceptions: *.local, 169.254/16
[2019-05-02 10:09:54.7330] - INFO - GET 200 /design/document.json 0 B (4ms)
[2019-05-02 10:09:58.3960] - INFO - GET 200 /node_modules/framer/build/framer.debug.js 0 B (2ms)
[2019-05-02 10:10:00.1200] - INFO - GET 200 /node_modules/framer/build/framer.debug.js 0 B (7ms)
[2019-05-02 10:10:01.9230] - DEBUG - [Save session: 0] Started, operation: autosaveInPlaceOperation, implicitly cancellable
[2019-05-02 10:10:01.9230] - DEBUG - [Save session: 0] Before container.writeChanges
[2019-05-02 10:10:01.9230] - DEBUG - [Save session: 0] Before waitUsingRecursiveRunLoop
[2019-05-02 10:10:01.9350] - DEBUG - [Save session: 0] Completed container.writeChanges
[2019-05-02 10:10:01.9350] - DEBUG - [Save session: 0] Completed waitUsingRecursiveRunLoop
[2019-05-02 10:10:01.9410] - DEBUG - [Save session: 0] Completed super.save
[2019-05-02 10:10:49.5910] - DEBUG - [Save session: 1] Started, operation: autosaveInPlaceOperation, implicitly cancellable
[2019-05-02 10:10:49.5910] - DEBUG - [Save session: 1] Before container.writeChanges
[2019-05-02 10:10:49.5910] - DEBUG - [Save session: 1] Before waitUsingRecursiveRunLoop
[2019-05-02 10:10:49.5990] - DEBUG - [Save session: 1] Completed container.writeChanges
[2019-05-02 10:10:49.5990] - DEBUG - [Save session: 1] Completed waitUsingRecursiveRunLoop
[2019-05-02 10:10:49.6040] - DEBUG - [Save session: 1] Completed super.save
[2019-05-02 10:10:54.3890] - INFO - Backing up to /Users/lincolnmitchell/framer-bridge-starter-kit/design-system-v2.framerfx/.backups/2019-05-02 10.10.54.zip
[2019-05-02 10:11:27.8230] - DEBUG - [Save session: 2] Started, operation: autosaveInPlaceOperation, implicitly cancellable
[2019-05-02 10:11:27.8230] - DEBUG - [Save session: 2] Before container.writeChanges
[2019-05-02 10:11:27.8230] - DEBUG - [Save session: 2] Before waitUsingRecursiveRunLoop
[2019-05-02 10:11:27.8310] - DEBUG - [Save session: 2] Completed container.writeChanges
[2019-05-02 10:11:27.8310] - DEBUG - [Save session: 2] Completed waitUsingRecursiveRunLoop
[2019-05-02 10:11:27.8350] - DEBUG - [Save session: 2] Completed super.save
[2019-05-02 10:11:54.5680] - INFO - Backing up to /Users/lincolnmitchell/framer-bridge-starter-kit/design-system-v2.framerfx/.backups/2019-05-02 10.11.54.zip
