[2019-05-06 11:14:33.4250] - INFO - Reading from /Users/lincolnmitchell/framer-bridge-starter-kit/TopAppBar.framerfx (origin); preserving existing contents of project folder: true
[2019-05-06 11:14:33.4420] - INFO - Done reading
[2019-05-06 11:14:33.4420] - INFO - Marking changed: false
[2019-05-06 11:14:33.4440] - INFO - Marking changed: false
[2019-05-06 11:14:33.4470] - DEBUG - [Save session: 1] Completed super.save
[2019-05-06 11:14:33.5350] - ERROR - No installed Framer version
[2019-05-06 11:14:33.5440] - ERROR - No installed Framer version
[2019-05-06 11:14:33.7620] - INFO - GET 200 /node_modules/framer/build/framer.debug.js 0 B (2ms)
[2019-05-06 11:14:35.3330] - ERROR - No installed Framer version
[2019-05-06 11:14:35.8330] - DEBUG - [Save session: 2] Started, operation: autosaveInPlaceOperation
[2019-05-06 11:14:35.8340] - DEBUG - [Save session: 2] Before container.writeChanges
[2019-05-06 11:14:35.8340] - DEBUG - [Save session: 2] Before waitUsingRecursiveRunLoop
[2019-05-06 11:14:35.8710] - DEBUG - [Save session: 2] Completed container.writeChanges
[2019-05-06 11:14:35.8720] - DEBUG - [Save session: 2] Completed waitUsingRecursiveRunLoop
[2019-05-06 11:14:35.8750] - DEBUG - [Save session: 2] Completed super.save
[2019-05-06 11:14:38.7610] - INFO - GET 200 /node_modules/framer/build/framer.debug.js 0 B (2ms)
[2019-05-06 11:14:40.8990] - INFO - GET 200 /node_modules/framer/build/framer.debug.js 0 B (16ms)
[2019-05-06 11:14:42.1210] - ERROR -    481 modules
[2019-05-06 11:14:42.1210] - ERROR - ERROR in CircularProgress.tsx
[2019-05-06 11:14:42.1210] - ERROR - ../design-system/components/CircularProgress.tsx
[2019-05-06 11:14:42.1220] - ERROR - [tsl] ERROR in CircularProgress.tsx(2,78)
[2019-05-06 11:14:42.1220] - ERROR -       TS1002: Unterminated string literal.
[2019-05-06 11:14:48.2090] - DEBUG - [Save session: 3] Started, operation: saveOperation
[2019-05-06 11:14:48.2100] - DEBUG - [Save session: 3] Before container.writeChanges
[2019-05-06 11:14:48.2100] - DEBUG - [Save session: 3] Before waitUsingRecursiveRunLoop
[2019-05-06 11:14:48.3010] - DEBUG - [Save session: 3] Completed container.writeChanges
[2019-05-06 11:14:48.3040] - DEBUG - [Save session: 3] Completed waitUsingRecursiveRunLoop
[2019-05-06 11:14:48.3070] - INFO - Marking changed: false
[2019-05-06 11:14:48.3090] - DEBUG - [Save session: 3] Completed super.save
[2019-05-06 11:15:01.6510] - INFO - GET 200 /README.md 0 B (52ms)
[2019-05-06 11:15:01.6520] - INFO - GET 200 /package.json 517 B (51ms)
[2019-05-06 11:15:03.3210] - INFO - GET 404 /metadata/artwork.png?1557105301528 159 B (1ms)
[2019-05-06 11:15:03.3220] - INFO - GET 404 /metadata/icon.png?1557105301528 156 B (2ms)
[2019-05-06 11:15:22.6830] - INFO - POST 200 /upload/metadata/readme.md 2 B (7ms)
[2019-05-06 11:15:22.7260] - INFO - GET 200 /README.md 4 B (1ms)
[2019-05-06 11:15:24.1470] - INFO - POST 200 /upload/metadata/readme.md 2 B (2ms)
[2019-05-06 11:15:24.2480] - INFO - GET 200 /README.md 5 B (1ms)
[2019-05-06 11:15:28.3390] - INFO - POST 200 /upload/metadata/readme.md 2 B (1ms)
[2019-05-06 11:15:28.4230] - INFO - GET 200 /README.md 14 B (2ms)
[2019-05-06 11:15:34.0240] - INFO - Backing up to /Users/lincolnmitchell/framer-bridge-starter-kit/TopAppBar.framerfx/.backups/2019-05-06 11.15.34.zip
[2019-05-06 11:15:37.4820] - INFO - POST 200 /upload/metadata/readme.md 2 B (1ms)
[2019-05-06 11:15:37.5460] - INFO - GET 200 /README.md 23 B (0ms)
[2019-05-06 11:15:46.6810] - INFO - POST 200 /upload/metadata/readme.md 2 B (1ms)
[2019-05-06 11:15:46.6910] - INFO - GET 200 /README.md 45 B (0ms)
[2019-05-06 11:16:51.7620] - INFO - Reading from /Users/lincolnmitchell/framer-bridge-starter-kit/TopAppBar.framerfx (origin); preserving existing contents of project folder: true
[2019-05-06 11:16:51.8140] - INFO - Done reading
[2019-05-06 11:16:51.8140] - INFO - Marking changed: false
[2019-05-06 11:16:52.0750] - INFO - Proxy Config: exceptions: *.local, 169.254/16
[2019-05-06 11:16:53.1760] - INFO - GET 200 /design/document.json 0 B (5ms)
[2019-05-06 11:16:57.5470] - INFO - GET 200 /node_modules/framer/build/framer.debug.js 0 B (10ms)
[2019-05-06 11:16:59.1120] - ERROR -    481 modules
[2019-05-06 11:16:59.1120] - ERROR - ERROR in CircularProgress.tsx
[2019-05-06 11:16:59.1120] - ERROR - ../design-system/components/CircularProgress.tsx
[2019-05-06 11:16:59.1120] - ERROR - [tsl] ERROR in CircularProgress.tsx(2,78)
[2019-05-06 11:16:59.1120] - ERROR -       TS1002: Unterminated string literal.
[2019-05-06 11:17:01.1430] - INFO - GET 404 /node_modules/@framer/lintonye.learnreactdesign-ds/metadata/icon.png 206 B (2ms)
[2019-05-06 11:17:10.4830] - INFO - GET 200 /README.md 0 B (47ms)
[2019-05-06 11:17:10.4830] - INFO - GET 200 /package.json 517 B (48ms)
[2019-05-06 11:17:13.5060] - INFO - GET 404 /metadata/icon.png?1557105430364 156 B (1ms)
[2019-05-06 11:17:13.5060] - INFO - GET 404 /metadata/artwork.png?1557105430364 159 B (1ms)
[2019-05-06 11:17:26.0580] - INFO - GET 404 /node_modules/@framer/lintonye.learnreactdesign-ds/metadata/icon.png 206 B (1ms)
[2019-05-06 11:17:52.3420] - INFO - Backing up to /Users/lincolnmitchell/framer-bridge-starter-kit/TopAppBar.framerfx/.backups/2019-05-06 11.17.52.zip
[2019-05-06 11:17:55.5180] - INFO - GET 404 /node_modules/@framer/lintonye.learnreactdesign-ds/metadata/icon.png 206 B (0ms)
[2019-05-06 11:18:33.9720] - INFO - GET 404 /node_modules/@framer/lintonye.learnreactdesign-ds/metadata/icon.png 206 B (1ms)
[2019-05-06 11:18:42.6520] - ERROR -    481 modules
[2019-05-06 11:18:42.6520] - ERROR - ERROR in CircularProgress.tsx
[2019-05-06 11:18:42.6520] - ERROR - ../design-system/components/CircularProgress.tsx
[2019-05-06 11:18:42.6520] - ERROR - [tsl] ERROR in CircularProgress.tsx(2,78)
[2019-05-06 11:18:42.6520] - ERROR -       TS1002: Unterminated string literal.
[2019-05-06 11:18:50.1220] - INFO - GET 200 /README.md 0 B (5ms)
[2019-05-06 11:18:50.1220] - INFO - GET 200 /package.json 517 B (5ms)
[2019-05-06 11:18:52.1550] - INFO - GET 404 /node_modules/@framer/lintonye.learnreactdesign-ds/metadata/icon.png 206 B (0ms)
[2019-05-06 11:18:52.8440] - INFO - Backing up to /Users/lincolnmitchell/framer-bridge-starter-kit/TopAppBar.framerfx/.backups/2019-05-06 11.18.52.zip
[2019-05-06 11:19:02.7380] - INFO - GET 404 /node_modules/@framer/lintonye.learnreactdesign-ds/metadata/icon.png 206 B (1ms)
[2019-05-06 11:19:11.2790] - INFO - GET 404 /node_modules/@framer/lintonye.learnreactdesign-ds/metadata/icon.png 206 B (0ms)
[2019-05-06 11:19:54.3640] - INFO - GET 404 /metadata/icon.png?1557105430364 156 B (1ms)
[2019-05-06 11:19:54.3640] - INFO - GET 404 /metadata/artwork.png?1557105430364 159 B (2ms)
[2019-05-06 11:20:00.2970] - INFO - POST 200 /upload/metadata/readme.md 2 B (10ms)
[2019-05-06 11:20:00.4590] - INFO - GET 200 /README.md 1 B (5ms)
[2019-05-06 11:20:00.4610] - INFO - GET 200 /README.md 1 B (3ms)
[2019-05-06 11:20:02.0560] - INFO - POST 200 /upload/metadata/readme.md 2 B (2ms)
[2019-05-06 11:20:02.1060] - INFO - GET 200 /README.md 4 B (5ms)
[2019-05-06 11:20:02.1060] - INFO - GET 200 /README.md 4 B (5ms)
